This is pdfTeX, Version 3.14159265-2.6-1.40.20 (MiKTeX 2.9.7200 64-bit) (preloaded format=pdflatex 2020.1.11)  23 MAY 2020 14:17
entering extended mode
**./Computer_networks.tex
(Computer_networks.tex
LaTeX2e <2019-10-01>
(D:\Programs\Miktex\tex/latex/base\book.cls
Document Class: book 2019/08/27 v1.4j Standard LaTeX document class
(D:\Programs\Miktex\tex/latex/base\bk10.clo
File: bk10.clo 2019/08/27 v1.4j Standard LaTeX file (size option)
)
\c@part=\count80
\c@chapter=\count81
\c@section=\count82
\c@subsection=\count83
\c@subsubsection=\count84
\c@paragraph=\count85
\c@subparagraph=\count86
\c@figure=\count87
\c@table=\count88
\abovecaptionskip=\skip41
\belowcaptionskip=\skip42
\bibindent=\dimen102
)
(D:\Programs\Miktex\tex/latex/geometry\geometry.sty
Package: geometry 2018/04/16 v5.8 Page Geometry

(D:\Programs\Miktex\tex/latex/graphics\keyval.sty
Package: keyval 2014/10/28 v1.15 key=value parser (DPC)
\KV@toks@=\toks14
)
(D:\Programs\Miktex\tex/generic/oberdiek\ifpdf.sty
Package: ifpdf 2018/09/07 v3.3 Provides the ifpdf switch
)
(D:\Programs\Miktex\tex/generic/oberdiek\ifvtex.sty
Package: ifvtex 2016/05/16 v1.6 Detect VTeX and its facilities (HO)
Package ifvtex Info: VTeX not detected.
)
(D:\Programs\Miktex\tex/generic/ifxetex\ifxetex.sty
Package: ifxetex 2010/09/12 v0.6 Provides ifxetex conditional
)
\Gm@cnth=\count89
\Gm@cntv=\count90
\c@Gm@tempcnt=\count91
\Gm@bindingoffset=\dimen103
\Gm@wd@mp=\dimen104
\Gm@odd@mp=\dimen105
\Gm@even@mp=\dimen106
\Gm@layoutwidth=\dimen107
\Gm@layoutheight=\dimen108
\Gm@layouthoffset=\dimen109
\Gm@layoutvoffset=\dimen110
\Gm@dimlist=\toks15

(D:\Programs\Miktex\tex/latex/geometry\geometry.cfg))
(D:\Programs\Miktex\tex/generic/babel\babel.sty
Package: babel 2019/09/27 3.34 The Babel package

(D:\Programs\Miktex\tex/generic/babel\switch.def
File: switch.def 2019/09/27 3.34 Babel switching mechanism
)
*************************************
* Local config file bblopts.cfg used
*
(D:\Programs\Miktex\tex/latex/arabi\bblopts.cfg
File: bblopts.cfg 2005/09/08 v0.1 add Arabic and Farsi to "declared" options of
 babel
)
(D:\Programs\Miktex\tex/latex/babel-english\english.ldf
Language: english 2017/06/06 v3.3r English support from the babel system

(D:\Programs\Miktex\tex/generic/babel\babel.def
File: babel.def 2019/09/27 3.34 Babel common definitions
\babel@savecnt=\count92
\U@D=\dimen111

(D:\Programs\Miktex\tex/generic/babel\txtbabel.def)
\bbl@dirlevel=\count93
)
\l@canadian = a dialect from \language\l@american 
\l@australian = a dialect from \language\l@british 
\l@newzealand = a dialect from \language\l@british 
))
(D:\Programs\Miktex\tex/latex/base\fontenc.sty
Package: fontenc 2018/08/11 v2.0j Standard LaTeX package

(D:\Programs\Miktex\tex/latex/base\t1enc.def
File: t1enc.def 2018/08/11 v2.0j Standard LaTeX file
LaTeX Font Info:    Redeclaring font encoding T1 on input line 48.
))
(D:\Programs\Miktex\tex/latex/base\inputenc.sty
Package: inputenc 2018/08/11 v1.3c Input encoding file
\inpenc@prehook=\toks16
\inpenc@posthook=\toks17
)
(D:\Programs\Miktex\tex/latex/fancyhdr\fancyhdr.sty
Package: fancyhdr 2019/01/31 v3.10 Extensive control of page headers and footer
s
\f@nch@headwidth=\skip43
\f@nch@O@elh=\skip44
\f@nch@O@erh=\skip45
\f@nch@O@olh=\skip46
\f@nch@O@orh=\skip47
\f@nch@O@elf=\skip48
\f@nch@O@erf=\skip49
\f@nch@O@olf=\skip50
\f@nch@O@orf=\skip51
)
(D:\Programs\Miktex\tex/latex/float\float.sty
Package: float 2001/11/08 v1.3d Float enhancements (AL)
\c@float@type=\count94
\float@exts=\toks18
\float@box=\box27
\@float@everytoks=\toks19
\@floatcapt=\box28
)
(D:\Programs\Miktex\tex/latex/graphics\graphicx.sty
Package: graphicx 2017/06/01 v1.1a Enhanced LaTeX Graphics (DPC,SPQR)

(D:\Programs\Miktex\tex/latex/graphics\graphics.sty
Package: graphics 2019/07/20 v1.3b Standard LaTeX Graphics (DPC,SPQR)

(D:\Programs\Miktex\tex/latex/graphics\trig.sty
Package: trig 2016/01/03 v1.10 sin cos tan (DPC)
)
(D:\Programs\Miktex\tex/latex/graphics-cfg\graphics.cfg
File: graphics.cfg 2016/06/04 v1.11 sample graphics configuration
)
Package graphics Info: Driver file: pdftex.def on input line 105.

(D:\Programs\Miktex\tex/latex/graphics-def\pdftex.def
File: pdftex.def 2018/01/08 v1.0l Graphics/color driver for pdftex
))
\Gin@req@height=\dimen112
\Gin@req@width=\dimen113
)
(D:\Programs\Miktex\tex/latex/wrapfig\wrapfig.sty
\wrapoverhang=\dimen114
\WF@size=\dimen115
\c@WF@wrappedlines=\count95
\WF@box=\box29
\WF@everypar=\toks20
Package: wrapfig 2003/01/31  v 3.6
)
(D:\Programs\Miktex\tex/latex/siunitx\siunitx.sty
(D:\Programs\Miktex\tex/latex/l3kernel\expl3.sty
Package: expl3 2019-11-07 L3 programming layer (loader) 

(D:\Programs\Miktex\tex/latex/l3kernel\expl3-code.tex
Package: expl3 2019-11-07 L3 programming layer (code)
\c_max_int=\count96
\l_tmpa_int=\count97
\l_tmpb_int=\count98
\g_tmpa_int=\count99
\g_tmpb_int=\count100
\l__seq_internal_a_int=\count101
\l__seq_internal_b_int=\count102
\g__kernel_prg_map_int=\count103
\c__ior_term_noprompt_ior=\count104
\c_log_iow=\count105
\l_iow_line_count_int=\count106
\l__iow_line_target_int=\count107
\l__iow_one_indent_int=\count108
\l__iow_indent_int=\count109
\c_zero_dim=\dimen116
\c_max_dim=\dimen117
\l_tmpa_dim=\dimen118
\l_tmpb_dim=\dimen119
\g_tmpa_dim=\dimen120
\g_tmpb_dim=\dimen121
\c_zero_skip=\skip52
\c_max_skip=\skip53
\l_tmpa_skip=\skip54
\l_tmpb_skip=\skip55
\g_tmpa_skip=\skip56
\g_tmpb_skip=\skip57
\c_zero_muskip=\muskip10
\c_max_muskip=\muskip11
\l_tmpa_muskip=\muskip12
\l_tmpb_muskip=\muskip13
\g_tmpa_muskip=\muskip14
\g_tmpb_muskip=\muskip15
\l_keys_choice_int=\count110
\l__intarray_loop_int=\count111
\c__intarray_sp_dim=\dimen122
\g__intarray_font_int=\count112
\c__fp_leading_shift_int=\count113
\c__fp_middle_shift_int=\count114
\c__fp_trailing_shift_int=\count115
\c__fp_big_leading_shift_int=\count116
\c__fp_big_middle_shift_int=\count117
\c__fp_big_trailing_shift_int=\count118
\c__fp_Bigg_leading_shift_int=\count119
\c__fp_Bigg_middle_shift_int=\count120
\c__fp_Bigg_trailing_shift_int=\count121
\c__kernel_randint_max_int=\count122
\g__fp_array_int=\count123
\l__fp_array_loop_int=\count124
\l__sort_length_int=\count125
\l__sort_min_int=\count126
\l__sort_top_int=\count127
\l__sort_max_int=\count128
\l__sort_true_max_int=\count129
\l__sort_block_int=\count130
\l__sort_begin_int=\count131
\l__sort_end_int=\count132
\l__sort_A_int=\count133
\l__sort_B_int=\count134
\l__sort_C_int=\count135
\l__str_internal_int=\count136
\c__str_replacement_char_int=\count137
\l__tl_analysis_normal_int=\count138
\l__tl_analysis_index_int=\count139
\l__tl_analysis_nesting_int=\count140
\l__tl_analysis_type_int=\count141
\l__regex_internal_a_int=\count142
\l__regex_internal_b_int=\count143
\l__regex_internal_c_int=\count144
\l__regex_balance_int=\count145
\l__regex_group_level_int=\count146
\l__regex_mode_int=\count147
\c__regex_cs_in_class_mode_int=\count148
\c__regex_cs_mode_int=\count149
\l__regex_catcodes_int=\count150
\l__regex_default_catcodes_int=\count151
\c__regex_catcode_D_int=\count152
\c__regex_catcode_S_int=\count153
\c__regex_catcode_L_int=\count154
\c__regex_catcode_O_int=\count155
\c__regex_catcode_A_int=\count156
\c__regex_all_catcodes_int=\count157
\l__regex_show_lines_int=\count158
\l__regex_min_state_int=\count159
\l__regex_max_state_int=\count160
\l__regex_left_state_int=\count161
\l__regex_right_state_int=\count162
\l__regex_capturing_group_int=\count163
\l__regex_min_pos_int=\count164
\l__regex_max_pos_int=\count165
\l__regex_curr_pos_int=\count166
\l__regex_start_pos_int=\count167
\l__regex_success_pos_int=\count168
\l__regex_curr_char_int=\count169
\l__regex_curr_catcode_int=\count170
\l__regex_last_char_int=\count171
\l__regex_case_changed_char_int=\count172
\l__regex_curr_state_int=\count173
\l__regex_step_int=\count174
\l__regex_min_active_int=\count175
\l__regex_max_active_int=\count176
\l__regex_replacement_csnames_int=\count177
\l__regex_match_count_int=\count178
\l__regex_min_submatch_int=\count179
\l__regex_submatch_int=\count180
\l__regex_zeroth_submatch_int=\count181
\g__regex_trace_regex_int=\count182
\c_empty_box=\box30
\l_tmpa_box=\box31
\l_tmpb_box=\box32
\g_tmpa_box=\box33
\g_tmpb_box=\box34
\l__box_top_dim=\dimen123
\l__box_bottom_dim=\dimen124
\l__box_left_dim=\dimen125
\l__box_right_dim=\dimen126
\l__box_top_new_dim=\dimen127
\l__box_bottom_new_dim=\dimen128
\l__box_left_new_dim=\dimen129
\l__box_right_new_dim=\dimen130
\l__box_internal_box=\box35
\l__coffin_internal_box=\box36
\l__coffin_internal_dim=\dimen131
\l__coffin_offset_x_dim=\dimen132
\l__coffin_offset_y_dim=\dimen133
\l__coffin_x_dim=\dimen134
\l__coffin_y_dim=\dimen135
\l__coffin_x_prime_dim=\dimen136
\l__coffin_y_prime_dim=\dimen137
\c_empty_coffin=\box37
\l__coffin_aligned_coffin=\box38
\l__coffin_aligned_internal_coffin=\box39
\l_tmpa_coffin=\box40
\l_tmpb_coffin=\box41
\g_tmpa_coffin=\box42
\g_tmpb_coffin=\box43
\l__coffin_bounding_shift_dim=\dimen138
\l__coffin_left_corner_dim=\dimen139
\l__coffin_right_corner_dim=\dimen140
\l__coffin_bottom_corner_dim=\dimen141
\l__coffin_top_corner_dim=\dimen142
\l__coffin_scaled_total_height_dim=\dimen143
\l__coffin_scaled_width_dim=\dimen144
\c__coffin_empty_coffin=\box44
\l__coffin_display_coffin=\box45
\l__coffin_display_coord_coffin=\box46
\l__coffin_display_pole_coffin=\box47
\l__coffin_display_offset_dim=\dimen145
\l__coffin_display_x_dim=\dimen146
\l__coffin_display_y_dim=\dimen147
\g__char_data_ior=\read1

(D:\Programs\Miktex\tex/latex/l3kernel\l3deprecation.def
File: l3deprecation.def 2019-04-06 v L3 Deprecated functions
))
(D:\Programs\Miktex\tex/latex/l3backend\l3backend-pdfmode.def
File: l3backend-pdfmode.def 2019-04-06 L3 backend support: PDF mode
\l__kernel_color_stack_int=\count183
\l__pdf_internal_box=\box48
))
(D:\Programs\Miktex\tex/latex/l3packages/xparse\xparse.sty
Package: xparse 2019-10-11 L3 Experimental document command parser
\l__xparse_current_arg_int=\count184
\g__xparse_grabber_int=\count185
\l__xparse_m_args_int=\count186
\l__xparse_v_nesting_int=\count187
)
Package: siunitx 2019/10/10 v2.7t A comprehensive (SI) units package

(D:\Programs\Miktex\tex/latex/amsmath\amstext.sty
Package: amstext 2000/06/29 v2.01 AMS text

(D:\Programs\Miktex\tex/latex/amsmath\amsgen.sty
File: amsgen.sty 1999/11/30 v2.0 generic functions
\@emptytoks=\toks21
\ex@=\dimen148
))
(D:\Programs\Miktex\tex/latex/tools\array.sty
Package: array 2019/08/31 v2.4l Tabular extension package (FMi)
\col@sep=\dimen149
\ar@mcellbox=\box49
\extrarowheight=\dimen150
\NC@list=\toks22
\extratabsurround=\skip58
\backup@length=\skip59
\ar@cellbox=\box50
)
(D:\Programs\Miktex\tex/latex/l3packages/l3keys2e\l3keys2e.sty
Package: l3keys2e 2019-10-11 LaTeX2e option processing using LaTeX3 keys
)
\l__siunitx_tmp_box=\box51
\l__siunitx_tmp_dim=\dimen151
\l__siunitx_tmp_int=\count188
\l__siunitx_number_mantissa_length_int=\count189
\l__siunitx_number_uncert_length_int=\count190
\l__siunitx_round_int=\count191
\l__siunitx_process_decimal_int=\count192
\l__siunitx_process_uncertainty_int=\count193
\l__siunitx_process_fixed_int=\count194
\l__siunitx_process_integer_min_int=\count195
\l__siunitx_process_precision_int=\count196
\l__siunitx_group_min_int=\count197
\l__siunitx_angle_marker_box=\box52
\l__siunitx_angle_unit_box=\box53
\l__siunitx_angle_marker_dim=\dimen152
\l__siunitx_angle_unit_dim=\dimen153
\l__siunitx_unit_int=\count198
\l__siunitx_unit_denominator_int=\count199
\l__siunitx_unit_numerator_int=\count266
\l__siunitx_unit_prefix_int=\count267
\l__siunitx_unit_prefix_base_int=\count268
\l__siunitx_unit_prefix_gram_int=\count269
\l__siunitx_number_product_int=\count270
\c__siunitx_one_fill_skip=\skip60
\l__siunitx_table_unit_align_skip=\skip61
\l__siunitx_table_exponent_dim=\dimen154
\l__siunitx_table_integer_dim=\dimen155
\l__siunitx_table_mantissa_dim=\dimen156
\l__siunitx_table_marker_dim=\dimen157
\l__siunitx_table_result_dim=\dimen158
\l__siunitx_table_uncert_dim=\dimen159
\l__siunitx_table_fill_pre_dim=\dimen160
\l__siunitx_table_fill_post_dim=\dimen161
\l__siunitx_table_fill_mid_dim=\dimen162
\l__siunitx_table_pre_box=\box54
\l__siunitx_table_post_box=\box55
\l__siunitx_table_mantissa_box=\box56
\l__siunitx_table_result_box=\box57
\l__siunitx_table_number_align_skip=\skip62
\l__siunitx_table_text_align_skip=\skip63

(D:\Programs\Miktex\tex/latex/translator\translator.sty
Package: translator 2019-05-31 v1.12a Easy translation of strings in LaTeX
))
(D:\Programs\Miktex\tex/latex/tools\verbatim.sty
Package: verbatim 2014/10/28 v1.5q LaTeX2e package for verbatim enhancements
\every@verbatim=\toks23
\verbatim@line=\toks24
\verbatim@in@stream=\read2
)
(D:\Programs\Miktex\tex/latex/subfig\subfig.sty
Package: subfig 2005/06/28 ver: 1.3 subfig package

(D:\Programs\Miktex\tex/latex/caption\caption.sty
Package: caption 2020/01/03 v3.4h Customizing captions (AR)

(D:\Programs\Miktex\tex/latex/caption\caption3.sty
Package: caption3 2020/01/03 v1.8h caption3 kernel (AR)
Package caption3 Info: TeX engine: e-TeX on input line 61.
\captionmargin=\dimen163
\captionmargin@=\dimen164
\captionwidth=\dimen165
\caption@tempdima=\dimen166
\caption@indent=\dimen167
\caption@parindent=\dimen168
\caption@hangindent=\dimen169
Package caption Info: Standard document class detected.
)
\c@caption@flags=\count271
\c@continuedfloat=\count272
Package caption Info: float package is loaded.
Package caption Info: wrapfig package is loaded.
)
\c@KVtest=\count273
\sf@farskip=\skip64
\sf@captopadj=\dimen170
\sf@capskip=\skip65
\sf@nearskip=\skip66
\c@subfigure=\count274
\c@subfigure@save=\count275
\c@lofdepth=\count276
\c@subtable=\count277
\c@subtable@save=\count278
\c@lotdepth=\count279
\sf@top=\skip67
\sf@bottom=\skip68
)
(D:\Programs\Miktex\tex/latex/amsmath\amsmath.sty
Package: amsmath 2019/04/01 v2.17c AMS math features
\@mathmargin=\skip69

For additional information on amsmath, use the `?' option.
(D:\Programs\Miktex\tex/latex/amsmath\amsbsy.sty
Package: amsbsy 1999/11/29 v1.2d Bold Symbols
\pmbraise@=\dimen171
)
(D:\Programs\Miktex\tex/latex/amsmath\amsopn.sty
Package: amsopn 2016/03/08 v2.02 operator names
)
\inf@bad=\count280
LaTeX Info: Redefining \frac on input line 227.
\uproot@=\count281
\leftroot@=\count282
LaTeX Info: Redefining \overline on input line 389.
\classnum@=\count283
\DOTSCASE@=\count284
LaTeX Info: Redefining \ldots on input line 486.
LaTeX Info: Redefining \dots on input line 489.
LaTeX Info: Redefining \cdots on input line 610.
\Mathstrutbox@=\box58
\strutbox@=\box59
\big@size=\dimen172
LaTeX Font Info:    Redeclaring font encoding OML on input line 733.
LaTeX Font Info:    Redeclaring font encoding OMS on input line 734.
\macc@depth=\count285
\c@MaxMatrixCols=\count286
\dotsspace@=\muskip16
\c@parentequation=\count287
\dspbrk@lvl=\count288
\tag@help=\toks25
\row@=\count289
\column@=\count290
\maxfields@=\count291
\andhelp@=\toks26
\eqnshift@=\dimen173
\alignsep@=\dimen174
\tagshift@=\dimen175
\tagwidth@=\dimen176
\totwidth@=\dimen177
\lineht@=\dimen178
\@envbody=\toks27
\multlinegap=\skip70
\multlinetaggap=\skip71
\mathdisplay@stack=\toks28
LaTeX Info: Redefining \[ on input line 2855.
LaTeX Info: Redefining \] on input line 2856.
)
(D:\Programs\Miktex\tex/latex/algorithms\algorithm.sty
Package: algorithm 2009/08/24 v0.1 Document Style `algorithm' - floating enviro
nment

(D:\Programs\Miktex\tex/latex/base\ifthen.sty
Package: ifthen 2014/09/29 v1.1c Standard LaTeX ifthen package (DPC)
)
\@float@every@algorithm=\toks29
\c@algorithm=\count292
)
(D:\Programs\Miktex\tex/latex/algorithmicx\algpseudocode.sty
Package: algpseudocode 

(D:\Programs\Miktex\tex/latex/algorithmicx\algorithmicx.sty
Package: algorithmicx 2005/04/27 v1.2 Algorithmicx

Document Style algorithmicx 1.2 - a greatly improved `algorithmic' style
\c@ALG@line=\count293
\c@ALG@rem=\count294
\c@ALG@nested=\count295
\ALG@tlm=\skip72
\ALG@thistlm=\skip73
\c@ALG@Lnr=\count296
\c@ALG@blocknr=\count297
\c@ALG@storecount=\count298
\c@ALG@tmpcounter=\count299
\ALG@tmplength=\skip74
)
Document Style - pseudocode environments for use with the `algorithmicx' style
) (D:\Programs\Miktex\tex/latex/multirow\multirow.sty
Package: multirow 2019/05/31 v2.5 Span multiple rows of a table
\multirow@colwidth=\skip75
\multirow@cntb=\count300
\multirow@dima=\skip76
\bigstrutjot=\dimen179
)
(D:\Programs\Miktex\tex/latex/graphics\rotating.sty
Package: rotating 2016/08/11 v2.16d rotated objects in LaTeX
\c@r@tfl@t=\count301
\rotFPtop=\skip77
\rotFPbot=\skip78
\rot@float@box=\box60
\rot@mess@toks=\toks30
)
(D:\Programs\Miktex\tex/latex/l3packages/xfrac\xfrac.sty
(D:\Programs\Miktex\tex/latex/base\textcomp.sty
Package: textcomp 2018/08/11 v2.0j Standard LaTeX package
Package textcomp Info: Sub-encoding information:
(textcomp)               5 = only ISO-Adobe without \textcurrency
(textcomp)               4 = 5 + \texteuro
(textcomp)               3 = 4 + \textohm
(textcomp)               2 = 3 + \textestimated + \textcurrency
(textcomp)               1 = TS1 - \textcircled - \t
(textcomp)               0 = TS1 (full)
(textcomp)             Font families with sub-encoding setting implement
(textcomp)             only a restricted character set as indicated.
(textcomp)             Family '?' is the default used for unknown fonts.
(textcomp)             See the documentation for details.
Package textcomp Info: Setting ? sub-encoding to TS1/1 on input line 79.

(D:\Programs\Miktex\tex/latex/base\ts1enc.def
File: ts1enc.def 2001/06/05 v3.0e (jk/car/fm) Standard LaTeX file
Now handling font encoding TS1 ...
... processing UTF-8 mapping file for font encoding TS1

(D:\Programs\Miktex\tex/latex/base\ts1enc.dfu
File: ts1enc.dfu 2019/07/11 v1.2j UTF-8 support for inputenc
   defining Unicode char U+00A2 (decimal 162)
   defining Unicode char U+00A3 (decimal 163)
   defining Unicode char U+00A4 (decimal 164)
   defining Unicode char U+00A5 (decimal 165)
   defining Unicode char U+00A6 (decimal 166)
   defining Unicode char U+00A7 (decimal 167)
   defining Unicode char U+00A8 (decimal 168)
   defining Unicode char U+00A9 (decimal 169)
   defining Unicode char U+00AA (decimal 170)
   defining Unicode char U+00AC (decimal 172)
   defining Unicode char U+00AE (decimal 174)
   defining Unicode char U+00AF (decimal 175)
   defining Unicode char U+00B0 (decimal 176)
   defining Unicode char U+00B1 (decimal 177)
   defining Unicode char U+00B2 (decimal 178)
   defining Unicode char U+00B3 (decimal 179)
   defining Unicode char U+00B4 (decimal 180)
   defining Unicode char U+00B5 (decimal 181)
   defining Unicode char U+00B6 (decimal 182)
   defining Unicode char U+00B7 (decimal 183)
   defining Unicode char U+00B9 (decimal 185)
   defining Unicode char U+00BA (decimal 186)
   defining Unicode char U+00BC (decimal 188)
   defining Unicode char U+00BD (decimal 189)
   defining Unicode char U+00BE (decimal 190)
   defining Unicode char U+00D7 (decimal 215)
   defining Unicode char U+00F7 (decimal 247)
   defining Unicode char U+0192 (decimal 402)
   defining Unicode char U+02C7 (decimal 711)
   defining Unicode char U+02D8 (decimal 728)
   defining Unicode char U+02DD (decimal 733)
   defining Unicode char U+0E3F (decimal 3647)
   defining Unicode char U+2016 (decimal 8214)
   defining Unicode char U+2020 (decimal 8224)
   defining Unicode char U+2021 (decimal 8225)
   defining Unicode char U+2022 (decimal 8226)
   defining Unicode char U+2030 (decimal 8240)
   defining Unicode char U+2031 (decimal 8241)
   defining Unicode char U+203B (decimal 8251)
   defining Unicode char U+203D (decimal 8253)
   defining Unicode char U+2044 (decimal 8260)
   defining Unicode char U+204E (decimal 8270)
   defining Unicode char U+2052 (decimal 8274)
   defining Unicode char U+20A1 (decimal 8353)
   defining Unicode char U+20A4 (decimal 8356)
   defining Unicode char U+20A6 (decimal 8358)
   defining Unicode char U+20A9 (decimal 8361)
   defining Unicode char U+20AB (decimal 8363)
   defining Unicode char U+20AC (decimal 8364)
   defining Unicode char U+20B1 (decimal 8369)
   defining Unicode char U+2103 (decimal 8451)
   defining Unicode char U+2116 (decimal 8470)
   defining Unicode char U+2117 (decimal 8471)
   defining Unicode char U+211E (decimal 8478)
   defining Unicode char U+2120 (decimal 8480)
   defining Unicode char U+2122 (decimal 8482)
   defining Unicode char U+2126 (decimal 8486)
   defining Unicode char U+2127 (decimal 8487)
   defining Unicode char U+212E (decimal 8494)
   defining Unicode char U+2190 (decimal 8592)
   defining Unicode char U+2191 (decimal 8593)
   defining Unicode char U+2192 (decimal 8594)
   defining Unicode char U+2193 (decimal 8595)
   defining Unicode char U+2329 (decimal 9001)
   defining Unicode char U+232A (decimal 9002)
   defining Unicode char U+2422 (decimal 9250)
   defining Unicode char U+25E6 (decimal 9702)
   defining Unicode char U+25EF (decimal 9711)
   defining Unicode char U+266A (decimal 9834)
   defining Unicode char U+27E8 (decimal 10216)
   defining Unicode char U+27E9 (decimal 10217)
   defining Unicode char U+FEFF (decimal 65279)
))
LaTeX Info: Redefining \oldstylenums on input line 334.
Package textcomp Info: Setting cmr sub-encoding to TS1/0 on input line 349.
Package textcomp Info: Setting cmss sub-encoding to TS1/0 on input line 350.
Package textcomp Info: Setting cmtt sub-encoding to TS1/0 on input line 351.
Package textcomp Info: Setting cmvtt sub-encoding to TS1/0 on input line 352.
Package textcomp Info: Setting cmbr sub-encoding to TS1/0 on input line 353.
Package textcomp Info: Setting cmtl sub-encoding to TS1/0 on input line 354.
Package textcomp Info: Setting ccr sub-encoding to TS1/0 on input line 355.
Package textcomp Info: Setting ptm sub-encoding to TS1/4 on input line 356.
Package textcomp Info: Setting pcr sub-encoding to TS1/4 on input line 357.
Package textcomp Info: Setting phv sub-encoding to TS1/4 on input line 358.
Package textcomp Info: Setting ppl sub-encoding to TS1/3 on input line 359.
Package textcomp Info: Setting pag sub-encoding to TS1/4 on input line 360.
Package textcomp Info: Setting pbk sub-encoding to TS1/4 on input line 361.
Package textcomp Info: Setting pnc sub-encoding to TS1/4 on input line 362.
Package textcomp Info: Setting pzc sub-encoding to TS1/4 on input line 363.
Package textcomp Info: Setting bch sub-encoding to TS1/4 on input line 364.
Package textcomp Info: Setting put sub-encoding to TS1/5 on input line 365.
Package textcomp Info: Setting uag sub-encoding to TS1/5 on input line 366.
Package textcomp Info: Setting ugq sub-encoding to TS1/5 on input line 367.
Package textcomp Info: Setting ul8 sub-encoding to TS1/4 on input line 368.
Package textcomp Info: Setting ul9 sub-encoding to TS1/4 on input line 369.
Package textcomp Info: Setting augie sub-encoding to TS1/5 on input line 370.
Package textcomp Info: Setting dayrom sub-encoding to TS1/3 on input line 371.
Package textcomp Info: Setting dayroms sub-encoding to TS1/3 on input line 372.

Package textcomp Info: Setting pxr sub-encoding to TS1/0 on input line 373.
Package textcomp Info: Setting pxss sub-encoding to TS1/0 on input line 374.
Package textcomp Info: Setting pxtt sub-encoding to TS1/0 on input line 375.
Package textcomp Info: Setting txr sub-encoding to TS1/0 on input line 376.
Package textcomp Info: Setting txss sub-encoding to TS1/0 on input line 377.
Package textcomp Info: Setting txtt sub-encoding to TS1/0 on input line 378.
Package textcomp Info: Setting lmr sub-encoding to TS1/0 on input line 379.
Package textcomp Info: Setting lmdh sub-encoding to TS1/0 on input line 380.
Package textcomp Info: Setting lmss sub-encoding to TS1/0 on input line 381.
Package textcomp Info: Setting lmssq sub-encoding to TS1/0 on input line 382.
Package textcomp Info: Setting lmvtt sub-encoding to TS1/0 on input line 383.
Package textcomp Info: Setting lmtt sub-encoding to TS1/0 on input line 384.
Package textcomp Info: Setting qhv sub-encoding to TS1/0 on input line 385.
Package textcomp Info: Setting qag sub-encoding to TS1/0 on input line 386.
Package textcomp Info: Setting qbk sub-encoding to TS1/0 on input line 387.
Package textcomp Info: Setting qcr sub-encoding to TS1/0 on input line 388.
Package textcomp Info: Setting qcs sub-encoding to TS1/0 on input line 389.
Package textcomp Info: Setting qpl sub-encoding to TS1/0 on input line 390.
Package textcomp Info: Setting qtm sub-encoding to TS1/0 on input line 391.
Package textcomp Info: Setting qzc sub-encoding to TS1/0 on input line 392.
Package textcomp Info: Setting qhvc sub-encoding to TS1/0 on input line 393.
Package textcomp Info: Setting futs sub-encoding to TS1/4 on input line 394.
Package textcomp Info: Setting futx sub-encoding to TS1/4 on input line 395.
Package textcomp Info: Setting futj sub-encoding to TS1/4 on input line 396.
Package textcomp Info: Setting hlh sub-encoding to TS1/3 on input line 397.
Package textcomp Info: Setting hls sub-encoding to TS1/3 on input line 398.
Package textcomp Info: Setting hlst sub-encoding to TS1/3 on input line 399.
Package textcomp Info: Setting hlct sub-encoding to TS1/5 on input line 400.
Package textcomp Info: Setting hlx sub-encoding to TS1/5 on input line 401.
Package textcomp Info: Setting hlce sub-encoding to TS1/5 on input line 402.
Package textcomp Info: Setting hlcn sub-encoding to TS1/5 on input line 403.
Package textcomp Info: Setting hlcw sub-encoding to TS1/5 on input line 404.
Package textcomp Info: Setting hlcf sub-encoding to TS1/5 on input line 405.
Package textcomp Info: Setting pplx sub-encoding to TS1/3 on input line 406.
Package textcomp Info: Setting pplj sub-encoding to TS1/3 on input line 407.
Package textcomp Info: Setting ptmx sub-encoding to TS1/4 on input line 408.
Package textcomp Info: Setting ptmj sub-encoding to TS1/4 on input line 409.
)
(D:\Programs\Miktex\tex/latex/l3packages/xtemplate\xtemplate.sty
Package: xtemplate 2019-10-11 L3 Experimental prototype document functions
\l__xtemplate_tmp_dim=\dimen180
\l__xtemplate_tmp_int=\count302
\l__xtemplate_tmp_muskip=\muskip17
\l__xtemplate_tmp_skip=\skip79
)
Package: xfrac 2019-10-11 L3 Experimental split-level fractions
\l__xfrac_slash_box=\box61
\l__xfrac_tmp_box=\box62
\l__xfrac_denominator_bot_sep_dim=\dimen181
\l__xfrac_numerator_bot_sep_dim=\dimen182
\l__xfrac_numerator_top_sep_dim=\dimen183
\l__xfrac_slash_left_sep_dim=\dimen184
\l__xfrac_slash_right_sep_dim=\dimen185
\l__xfrac_slash_left_muskip=\muskip18
\l__xfrac_slash_right_muskip=\muskip19

Package xtemplate Info: Declaring object type 'xfrac' taking 3 argument(s) on
(xtemplate)             line 79.

)
(D:\Programs\Miktex\tex/latex/cite\cite.sty
LaTeX Info: Redefining \cite on input line 302.
LaTeX Info: Redefining \nocite on input line 332.
Package: cite 2015/02/27  v 5.5
)
(D:\Programs\Miktex\tex/latex/xcolor\xcolor.sty
Package: xcolor 2016/05/11 v2.12 LaTeX color extensions (UK)

(D:\Programs\Miktex\tex/latex/graphics-cfg\color.cfg
File: color.cfg 2016/01/02 v1.6 sample color configuration
)
Package xcolor Info: Package option `usenames' ignored on input line 216.
Package xcolor Info: Driver file: pdftex.def on input line 225.

(D:\Programs\Miktex\tex/latex/colortbl\colortbl.sty
Package: colortbl 2018/12/12 v1.0d Color table columns (DPC)
\everycr=\toks31
\minrowclearance=\skip80
)
\rownum=\count303
Package xcolor Info: Model `cmy' substituted by `cmy0' on input line 1348.
Package xcolor Info: Model `hsb' substituted by `rgb' on input line 1352.
Package xcolor Info: Model `RGB' extended on input line 1364.
Package xcolor Info: Model `HTML' substituted by `rgb' on input line 1366.
Package xcolor Info: Model `Hsb' substituted by `hsb' on input line 1367.
Package xcolor Info: Model `tHsb' substituted by `hsb' on input line 1368.
Package xcolor Info: Model `HSB' substituted by `hsb' on input line 1369.
Package xcolor Info: Model `Gray' substituted by `gray' on input line 1370.
Package xcolor Info: Model `wave' substituted by `hsb' on input line 1371.

(D:\Programs\Miktex\tex/latex/graphics\dvipsnam.def
File: dvipsnam.def 2016/06/17 v3.0m Driver-dependent file (DPC,SPQR)
))
(D:\Programs\Miktex\tex/latex/listings\listings.sty
\lst@mode=\count304
\lst@gtempboxa=\box63
\lst@token=\toks32
\lst@length=\count305
\lst@currlwidth=\dimen186
\lst@column=\count306
\lst@pos=\count307
\lst@lostspace=\dimen187
\lst@width=\dimen188
\lst@newlines=\count308
\lst@lineno=\count309
\lst@maxwidth=\dimen189

(D:\Programs\Miktex\tex/latex/listings\lstmisc.sty
File: lstmisc.sty 2019/09/10 1.8c (Carsten Heinz)
\c@lstnumber=\count310
\lst@skipnumbers=\count311
\lst@framebox=\box64
)
(D:\Programs\Miktex\tex/latex/listings\listings.cfg
File: listings.cfg 2019/09/10 1.8c listings configuration
))
Package: listings 2019/09/10 1.8c (Carsten Heinz)

(D:\Programs\Miktex\tex/latex/listings\lstlang1.sty
File: lstlang1.sty 2019/09/10 1.8c listings language file
)
(D:\Programs\Miktex\tex/latex/listings\lstmisc.sty
File: lstmisc.sty 2019/09/10 1.8c (Carsten Heinz)
)
(D:\Programs\Miktex\tex/latex/url\url.sty
\Urlmuskip=\muskip20
Package: url 2013/09/16  ver 3.4  Verb mode for urls, etc.
)
(D:\Programs\Miktex\tex/latex/hyperref\hyperref.sty
Package: hyperref 2019/09/28 v7.00a Hypertext links for LaTeX

(D:\Programs\Miktex\tex/generic/oberdiek\hobsub-hyperref.sty
Package: hobsub-hyperref 2016/05/16 v1.14 Bundle oberdiek, subset hyperref (HO)


(D:\Programs\Miktex\tex/generic/oberdiek\hobsub-generic.sty
Package: hobsub-generic 2016/05/16 v1.14 Bundle oberdiek, subset generic (HO)
Package: hobsub 2016/05/16 v1.14 Construct package bundles (HO)
Package: infwarerr 2016/05/16 v1.4 Providing info/warning/error messages (HO)
Package: ltxcmds 2016/05/16 v1.23 LaTeX kernel commands for general use (HO)
Package: ifluatex 2016/05/16 v1.4 Provides the ifluatex switch (HO)
Package ifluatex Info: LuaTeX not detected.
Package hobsub Info: Skipping package `ifvtex' (already loaded).
Package: intcalc 2016/05/16 v1.2 Expandable calculations with integers (HO)
Package hobsub Info: Skipping package `ifpdf' (already loaded).
Package: etexcmds 2016/05/16 v1.6 Avoid name clashes with e-TeX commands (HO)
Package: kvsetkeys 2016/05/16 v1.17 Key value parser (HO)
Package: kvdefinekeys 2016/05/16 v1.4 Define keys (HO)
Package: pdftexcmds 2019/07/25 v0.30 Utility functions of pdfTeX for LuaTeX (HO
)
Package pdftexcmds Info: LuaTeX not detected.
Package pdftexcmds Info: \pdf@primitive is available.
Package pdftexcmds Info: \pdf@ifprimitive is available.
Package pdftexcmds Info: \pdfdraftmode found.
Package: pdfescape 2016/05/16 v1.14 Implements pdfTeX's escape features (HO)
Package: bigintcalc 2016/05/16 v1.4 Expandable calculations on big integers (HO
)
Package: bitset 2016/05/16 v1.2 Handle bit-vector datatype (HO)
Package: uniquecounter 2016/05/16 v1.3 Provide unlimited unique counter (HO)
)
Package hobsub Info: Skipping package `hobsub' (already loaded).
Package: letltxmacro 2016/05/16 v1.5 Let assignment for LaTeX macros (HO)
Package: hopatch 2016/05/16 v1.3 Wrapper for package hooks (HO)
Package: xcolor-patch 2016/05/16 xcolor patch
Package: atveryend 2016/05/16 v1.9 Hooks at the very end of document (HO)
Package atveryend Info: \enddocument detected (standard20110627).
Package: atbegshi 2016/06/09 v1.18 At begin shipout hook (HO)
Package: refcount 2016/05/16 v3.5 Data extraction from label references (HO)
Package: hycolor 2016/05/16 v1.8 Color options for hyperref/bookmark (HO)
)
(D:\Programs\Miktex\tex/latex/oberdiek\auxhook.sty
Package: auxhook 2016/05/16 v1.4 Hooks for auxiliary files (HO)
)
(D:\Programs\Miktex\tex/latex/oberdiek\kvoptions.sty
Package: kvoptions 2016/05/16 v3.12 Key value format for package options (HO)
)
\@linkdim=\dimen190
\Hy@linkcounter=\count312
\Hy@pagecounter=\count313

(D:\Programs\Miktex\tex/latex/hyperref\pd1enc.def
File: pd1enc.def 2019/09/28 v7.00a Hyperref: PDFDocEncoding definition (HO)
Now handling font encoding PD1 ...
... no UTF-8 mapping file for font encoding PD1
)
\Hy@SavedSpaceFactor=\count314

(D:\Programs\Miktex\tex/latex/00miktex\hyperref.cfg
File: hyperref.cfg 2002/06/06 v1.2 hyperref configuration of TeXLive
)
Package hyperref Info: Hyper figures OFF on input line 4540.
Package hyperref Info: Link nesting OFF on input line 4545.
Package hyperref Info: Hyper index ON on input line 4548.
Package hyperref Info: Plain pages OFF on input line 4555.
Package hyperref Info: Backreferencing OFF on input line 4560.
Package hyperref Info: Implicit mode ON; LaTeX internals redefined.
Package hyperref Info: Bookmarks ON on input line 4793.
\c@Hy@tempcnt=\count315
LaTeX Info: Redefining \url on input line 5152.
\XeTeXLinkMargin=\dimen191
\Fld@menulength=\count316
\Field@Width=\dimen192
\Fld@charsize=\dimen193
Package hyperref Info: Hyper figures OFF on input line 6423.
Package hyperref Info: Link nesting OFF on input line 6428.
Package hyperref Info: Hyper index ON on input line 6431.
Package hyperref Info: backreferencing OFF on input line 6438.
Package hyperref Info: Link coloring OFF on input line 6443.
Package hyperref Info: Link coloring with OCG OFF on input line 6448.
Package hyperref Info: PDF/A mode OFF on input line 6453.
LaTeX Info: Redefining \ref on input line 6493.
LaTeX Info: Redefining \pageref on input line 6497.
\Hy@abspage=\count317
\c@Item=\count318
\c@Hfootnote=\count319
)
Package hyperref Info: Driver (autodetected): hpdftex.

(D:\Programs\Miktex\tex/latex/hyperref\hpdftex.def
File: hpdftex.def 2019/09/28 v7.00a Hyperref driver for pdfTeX
\Fld@listcount=\count320
\c@bookmark@seq@number=\count321

(D:\Programs\Miktex\tex/latex/oberdiek\rerunfilecheck.sty
Package: rerunfilecheck 2016/05/16 v1.8 Rerun checks for auxiliary files (HO)
Package uniquecounter Info: New unique counter `rerunfilecheck' on input line 2
82.
)
\Hy@SectionHShift=\skip81
)
(D:\Programs\Miktex\tex/latex/acronym\acronym.sty
Package: acronym 2019/11/11 v1.42 Support for acronyms (Tobias Oetiker)

(D:\Programs\Miktex\tex/latex/bigfoot\suffix.sty
Package: suffix 2006/07/15 1.5a Variant command support
)
(D:\Programs\Miktex\tex/latex/xstring\xstring.sty
(D:\Programs\Miktex\tex/generic/xstring\xstring.tex
\integerpart=\count322
\decimalpart=\count323
)
Package: xstring 2019/02/06 v1.83 String manipulations (CT)
)
\AC@clearlist=\toks33
)

LaTeX Warning: Unused global option(s):
    [8pt].

(Computer_networks.aux)
\openout1 = `Computer_networks.aux'.

LaTeX Font Info:    Checking defaults for OML/cmm/m/it on input line 80.
LaTeX Font Info:    ... okay on input line 80.
LaTeX Font Info:    Checking defaults for T1/cmr/m/n on input line 80.
LaTeX Font Info:    ... okay on input line 80.
LaTeX Font Info:    Checking defaults for OT1/cmr/m/n on input line 80.
LaTeX Font Info:    ... okay on input line 80.
LaTeX Font Info:    Checking defaults for OMS/cmsy/m/n on input line 80.
LaTeX Font Info:    ... okay on input line 80.
LaTeX Font Info:    Checking defaults for OMX/cmex/m/n on input line 80.
LaTeX Font Info:    ... okay on input line 80.
LaTeX Font Info:    Checking defaults for U/cmr/m/n on input line 80.
LaTeX Font Info:    ... okay on input line 80.
LaTeX Font Info:    Checking defaults for TS1/cmr/m/n on input line 80.
LaTeX Font Info:    Trying to load font information for TS1+cmr on input line 8
0.
 (D:\Programs\Miktex\tex/latex/base\ts1cmr.fd
File: ts1cmr.fd 2014/09/29 v2.5h Standard LaTeX font definitions
)
LaTeX Font Info:    ... okay on input line 80.
LaTeX Font Info:    Checking defaults for PD1/pdf/m/n on input line 80.
LaTeX Font Info:    ... okay on input line 80.

*geometry* driver: auto-detecting
*geometry* detected driver: pdftex
*geometry* verbose mode - [ preamble ] result:
* driver: pdftex
* paper: a4paper
* layout: <same size as paper>
* layoutoffset:(h,v)=(0.0pt,0.0pt)
* modes: twoside 
* h-part:(L,W,R)=(56.9055pt, 483.69687pt, 56.9055pt)
* v-part:(T,H,B)=(113.81102pt, 674.33032pt, 56.9055pt)
* \paperwidth=597.50787pt
* \paperheight=845.04684pt
* \textwidth=483.69687pt
* \textheight=674.33032pt
* \oddsidemargin=-15.36449pt
* \evensidemargin=-15.36449pt
* \topmargin=11.47354pt
* \headheight=12.0pt
* \headsep=18.06749pt
* \topskip=10.0pt
* \footskip=25.29494pt
* \marginparwidth=115.0pt
* \marginparsep=7.0pt
* \columnsep=10.0pt
* \skip\footins=9.0pt plus 4.0pt minus 2.0pt
* \hoffset=0.0pt
* \voffset=0.0pt
* \mag=1000
* \@twocolumnfalse
* \@twosidetrue
* \@mparswitchtrue
* \@reversemarginfalse
* (1in=72.27pt=25.4mm, 1cm=28.453pt)

(D:\Programs\Miktex\tex/context/base/mkii\supp-pdf.mkii
[Loading MPS to PDF converter (version 2006.09.02).]
\scratchcounter=\count324
\scratchdimen=\dimen194
\scratchbox=\box65
\nofMPsegments=\count325
\nofMParguments=\count326
\everyMPshowfont=\toks34
\MPscratchCnt=\count327
\MPscratchDim=\dimen195
\MPnumerator=\count328
\makeMPintoPDFobject=\count329
\everyMPtoPDFconversion=\toks35
) (D:\Programs\Miktex\tex/latex/oberdiek\epstopdf-base.sty
Package: epstopdf-base 2016/05/15 v2.6 Base part for package epstopdf

(D:\Programs\Miktex\tex/latex/oberdiek\grfext.sty
Package: grfext 2016/05/16 v1.2 Manage graphics extensions (HO)
)
Package epstopdf-base Info: Redefining graphics rule for `.eps' on input line 4
38.
Package grfext Info: Graphics extension search list:
(grfext)             [.pdf,.png,.jpg,.mps,.jpeg,.jbig2,.jb2,.PDF,.PNG,.JPG,.JPE
G,.JBIG2,.JB2,.eps]
(grfext)             \AppendGraphicsExtensions on input line 456.
)
(D:\Programs\Miktex\tex/latex/translator\translator-basic-dictionary-English.di
ct
Dictionary: translator-basic-dictionary, Language: English 
) (D:\Programs\Miktex\tex/latex/siunitx\siunitx-abbreviations.cfg
File: siunitx-abbreviations.cfg 2017/11/26 v2.7k siunitx: Abbreviated units
)
Package caption Info: Begin \AtBeginDocument code.
Package caption Info: subfig package v1.3 is loaded.
Package caption Info: hyperref package is loaded.
Package caption Info: listings package is loaded.
Package caption Info: rotating package is loaded.
Package caption Info: End \AtBeginDocument code.
\c@lstlisting=\count330
\AtBeginShipoutBox=\box66
Package hyperref Info: Link coloring OFF on input line 80.

(D:\Programs\Miktex\tex/latex/hyperref\nameref.sty
Package: nameref 2019/09/16 v2.46 Cross-referencing by name of section

(D:\Programs\Miktex\tex/generic/oberdiek\gettitlestring.sty
Package: gettitlestring 2016/05/16 v1.5 Cleanup title references (HO)
)
\c@section@level=\count331
)
LaTeX Info: Redefining \ref on input line 80.
LaTeX Info: Redefining \pageref on input line 80.
LaTeX Info: Redefining \nameref on input line 80.

(Computer_networks.out) (Computer_networks.out)
\@outlinefile=\write3
\openout3 = `Computer_networks.out'.

<./Images/Background.png, id=311, 484.81125pt x 413.545pt>
File: ./Images/Background.png Graphic file (type png)
<use ./Images/Background.png>
Package pdftex.def Info: ./Images/Background.png  used on input line 85.
(pdftex.def)             Requested size: 327.20668pt x 279.12451pt.
<./Images/Icon4.png, id=313, 80.7486pt x 80.7486pt>
File: ./Images/Icon4.png Graphic file (type png)
<use ./Images/Icon4.png>
Package pdftex.def Info: ./Images/Icon4.png  used on input line 89.
(pdftex.def)             Requested size: 71.13658pt x 71.13188pt.
 [1



{C:/Users/raffa/AppData/Local/MiKTeX/2.9/pdftex/config/pdftex.map} <./Images/Ba
ckground.png> <./Images/Icon4.png>] [2

] (Computer_networks.toc [3

])
\tf@toc=\write4
\openout4 = `Computer_networks.toc'.

 [4] (Chapters/OSI.tex
Chapter 1.
<Images/OSI/OSI.png, id=421, 917.4275pt x 372.39125pt>
File: Images/OSI/OSI.png Graphic file (type png)
<use Images/OSI/OSI.png>
Package pdftex.def Info: Images/OSI/OSI.png  used on input line 5.
(pdftex.def)             Requested size: 366.96451pt x 148.95386pt.
<Images/OSI/logic.png, id=422, 856.19875pt x 529.98pt>
File: Images/OSI/logic.png Graphic file (type png)
<use Images/OSI/logic.png>
Package pdftex.def Info: Images/OSI/logic.png  used on input line 11.
(pdftex.def)             Requested size: 256.8616pt x 158.99521pt.
<Images/OSI/request_AB.png, id=424, 1007.765pt x 526.96875pt>
File: Images/OSI/request_AB.png Graphic file (type png)
<use Images/OSI/request_AB.png>
Package pdftex.def Info: Images/OSI/request_AB.png  used on input line 18.
(pdftex.def)             Requested size: 403.09886pt x 210.78375pt.
[1



 <./Images/OSI/OSI.png> <./Images/OSI/logic.png>]
<Images/OSI/response_BA.png, id=437, 992.70876pt x 526.96875pt>
File: Images/OSI/response_BA.png Graphic file (type png)
<use Images/OSI/response_BA.png>
Package pdftex.def Info: Images/OSI/response_BA.png  used on input line 23.
(pdftex.def)             Requested size: 397.07648pt x 210.78375pt.
 [2 <./Images/OSI/request_AB.png> <./Images/OSI/response_BA.png>]
<Images/OSI/pdu_sdu.png, id=451, 932.48375pt x 68.255pt>
File: Images/OSI/pdu_sdu.png Graphic file (type png)
<use Images/OSI/pdu_sdu.png>
Package pdftex.def Info: Images/OSI/pdu_sdu.png  used on input line 58.
(pdftex.def)             Requested size: 233.12036pt x 17.0637pt.
<Images/OSI/encapsulation.png, id=452, 738.76pt x 460.72125pt>
File: Images/OSI/encapsulation.png Graphic file (type png)
<use Images/OSI/encapsulation.png>
Package pdftex.def Info: Images/OSI/encapsulation.png  used on input line 63.
(pdftex.def)             Requested size: 369.37909pt x 230.36006pt.
<Images/OSI/onion.png, id=453, 574.145pt x 576.1525pt>
File: Images/OSI/onion.png Graphic file (type png)
<use Images/OSI/onion.png>
Package pdftex.def Info: Images/OSI/onion.png  used on input line 71.
(pdftex.def)             Requested size: 287.0718pt x 288.07553pt.
 [3 <./Images/OSI/pdu_sdu.png> <./Images/OSI/encapsulation.png>]
<Images/OSI/tcp_ip.png, id=464, 388.45125pt x 371.3875pt>
File: Images/OSI/tcp_ip.png Graphic file (type png)
<use Images/OSI/tcp_ip.png>
Package pdftex.def Info: Images/OSI/tcp_ip.png  used on input line 79.
(pdftex.def)             Requested size: 194.22514pt x 185.69328pt.
 [4 <./Images/OSI/onion.png> <./Images/OSI/tcp_ip.png>]
<Images/OSI/client_server.png, id=473, 911.405pt x 250.9375pt>
File: Images/OSI/client_server.png Graphic file (type png)
<use Images/OSI/client_server.png>
Package pdftex.def Info: Images/OSI/client_server.png  used on input line 102.
(pdftex.def)             Requested size: 227.8507pt x 62.7342pt.
<Images/OSI/p2p.png, id=475, 700.6175pt x 466.74374pt>
File: Images/OSI/p2p.png Graphic file (type png)
<use Images/OSI/p2p.png>
Package pdftex.def Info: Images/OSI/p2p.png  used on input line 116.
(pdftex.def)             Requested size: 280.24203pt x 186.69418pt.


LaTeX Warning: `h' float specifier changed to `ht'.

<Images/OSI/publish_subscribe.png, id=476, 868.24374pt x 504.88625pt>
File: Images/OSI/publish_subscribe.png Graphic file (type png)
<use Images/OSI/publish_subscribe.png>
Package pdftex.def Info: Images/OSI/publish_subscribe.png  used on input line 1
24.
(pdftex.def)             Requested size: 347.29134pt x 201.95091pt.
) (Chapters/Application_Layer.tex

LaTeX Warning: `h' float specifier changed to `ht'.

[5 <./Images/OSI/client_server.png>] [6 <./Images/OSI/p2p.png> <./Images/OSI/pu
blish_subscribe.png>]
Chapter 2.
) (Chapters/Programming.tex [7

] [8

]
Chapter 3.
LaTeX Font Info:    Trying to load font information for T1+cmss on input line 9
.
(D:\Programs\Miktex\tex/latex/base\t1cmss.fd
File: t1cmss.fd 2014/09/29 v2.5h Standard LaTeX font definitions
)
Overfull \hbox (0.5928pt too wide) in paragraph at lines 10--11
[][][][][][][] 
 []

<Images/Programming/endians.png, id=502, 483.8075pt x 222.8325pt>
File: Images/Programming/endians.png Graphic file (type png)
<use Images/Programming/endians.png>
Package pdftex.def Info: Images/Programming/endians.png  used on input line 17.

(pdftex.def)             Requested size: 328.98474pt x 151.5241pt.

LaTeX Warning: `h' float specifier changed to `ht'.

[9 <./Images/Programming/endians.png>]
<Images/Programming/struct.png, id=514, 523.9575pt x 266.9975pt>
File: Images/Programming/struct.png Graphic file (type png)
<use Images/Programming/struct.png>
Package pdftex.def Info: Images/Programming/struct.png  used on input line 55.
(pdftex.def)             Requested size: 261.9781pt x 133.49841pt.
<Images/Programming/parallel_reading.png, id=515, 443.6575pt x 160.6pt>
File: Images/Programming/parallel_reading.png Graphic file (type png)
<use Images/Programming/parallel_reading.png>
Package pdftex.def Info: Images/Programming/parallel_reading.png  used on input
 line 60.
(pdftex.def)             Requested size: 301.68309pt x 109.20654pt.
 [10 <./Images/Programming/struct.png> <./Images/Programming/parallel_reading.p
ng>]
<Images/Programming/program.png, id=532, 377.41pt x 202.7575pt>
File: Images/Programming/program.png Graphic file (type png)
<use Images/Programming/program.png>
Package pdftex.def Info: Images/Programming/program.png  used on input line 78.

(pdftex.def)             Requested size: 256.63539pt x 137.87328pt.
) (Chapters/NetworkC.tex [11 <./Images/Programming/program.png>] [12

]
Chapter 4.
<Images/NetworkC/application.png, id=544, 776.9025pt x 142.5325pt>
File: Images/NetworkC/application.png Graphic file (type png)
<use Images/NetworkC/application.png>
Package pdftex.def Info: Images/NetworkC/application.png  used on input line 7.

(pdftex.def)             Requested size: 388.45029pt x 71.26607pt.

LaTeX Warning: `h' float specifier changed to `ht'.


Underfull \vbox (badness 10000) has occurred while \output is active []

 [13 <./Images/NetworkC/application.png>]
LaTeX Font Info:    Trying to load font information for TS1+cmss on input line 
74.
 (D:\Programs\Miktex\tex/latex/base\ts1cmss.fd
File: ts1cmss.fd 2014/09/29 v2.5h Standard LaTeX font definitions
)

LaTeX Warning: `h' float specifier changed to `ht'.


Underfull \vbox (badness 3128) has occurred while \output is active []

 [14]
[15]
<Images/NetworkC/addresses.png, id=603, 884.30376pt x 372.39125pt>
File: Images/NetworkC/addresses.png Graphic file (type png)
<use Images/NetworkC/addresses.png>
Package pdftex.def Info: Images/NetworkC/addresses.png  used on input line 170.

(pdftex.def)             Requested size: 353.71524pt x 148.95386pt.

Underfull \hbox (badness 10000) in paragraph at lines 199--200

 []

[16 <./Images/NetworkC/addresses.png>]
<Images/NetworkC/read_write1.png, id=633, 690.58pt x 262.9825pt>
File: Images/NetworkC/read_write1.png Graphic file (type png)
<use Images/NetworkC/read_write1.png>
Package pdftex.def Info: Images/NetworkC/read_write1.png  used on input line 23
3.
(pdftex.def)             Requested size: 345.28915pt x 131.49092pt.
<Images/NetworkC/read_write2.png, id=634, 690.58pt x 262.9825pt>
File: Images/NetworkC/read_write2.png Graphic file (type png)
<use Images/NetworkC/read_write2.png>
Package pdftex.def Info: Images/NetworkC/read_write2.png  used on input line 23
8.
(pdftex.def)             Requested size: 345.28915pt x 131.49092pt.


LaTeX Warning: `h' float specifier changed to `ht'.


Underfull \vbox (badness 6428) has occurred while \output is active []

 [17 <./Images/NetworkC/read_write1.png>]
Overfull \hbox (1.81725pt too wide) in paragraph at lines 252--253
[][][][][][][][][][][][][][][][][][][][][][][][][][] 
 []


LaTeX Warning: `h' float specifier changed to `ht'.


Underfull \vbox (badness 2253) has occurred while \output is active []

 [18 <./Images/NetworkC/read_write2.png>]
<Images/NetworkC/poisson.png, id=667, 945.5325pt x 141.52875pt>
File: Images/NetworkC/poisson.png Graphic file (type png)
<use Images/NetworkC/poisson.png>
Package pdftex.def Info: Images/NetworkC/poisson.png  used on input line 305.
(pdftex.def)             Requested size: 283.66194pt x 42.45894pt.
<Images/NetworkC/listen.png, id=668, 1010.77625pt x 407.5225pt>
File: Images/NetworkC/listen.png Graphic file (type png)
<use Images/NetworkC/listen.png>
Package pdftex.def Info: Images/NetworkC/listen.png  used on input line 310.
(pdftex.def)             Requested size: 404.30333pt x 163.0061pt.


LaTeX Warning: `h' float specifier changed to `ht'.

[19 <./Images/NetworkC/poisson.png> <./Images/NetworkC/listen.png>]
<Images/NetworkC/accept.png, id=687, 1020.81375pt x 407.5225pt>
File: Images/NetworkC/accept.png Graphic file (type png)
<use Images/NetworkC/accept.png>
Package pdftex.def Info: Images/NetworkC/accept.png  used on input line 354.
(pdftex.def)             Requested size: 408.31827pt x 163.0061pt.
<Images/NetworkC/pending_accept.png, id=688, 603.25375pt x 450.68375pt>
File: Images/NetworkC/pending_accept.png Graphic file (type png)
<use Images/NetworkC/pending_accept.png>
Package pdftex.def Info: Images/NetworkC/pending_accept.png  used on input line
 359.
(pdftex.def)             Requested size: 241.29723pt x 180.2703pt.


LaTeX Warning: `h' float specifier changed to `ht'.

<Images/NetworkC/connect_accept.png, id=689, 819.06pt x 573.14125pt>
File: Images/NetworkC/connect_accept.png Graphic file (type png)
<use Images/NetworkC/connect_accept.png>
Package pdftex.def Info: Images/NetworkC/connect_accept.png  used on input line
 364.
(pdftex.def)             Requested size: 327.6182pt x 229.25243pt.

LaTeX Warning: `h' float specifier changed to `ht'.

[20 <./Images/NetworkC/accept.png>] [21 <./Images/NetworkC/pending_accept.png> 
<./Images/NetworkC/connect_accept.png>]) (Chapters/Gateway.tex [22

]
Chapter 5.
<Images/Gateway/gateway_3.png, id=713, 701.62125pt x 412.54124pt>
File: Images/Gateway/gateway_3.png Graphic file (type png)
<use Images/Gateway/gateway_3.png>
Package pdftex.def Info: Images/Gateway/gateway_3.png  used on input line 6.
(pdftex.def)             Requested size: 280.64352pt x 165.01357pt.
<Images/Gateway/gateway_7.png, id=714, 701.62125pt x 401.5pt>
File: Images/Gateway/gateway_7.png Graphic file (type png)
<use Images/Gateway/gateway_7.png>
Package pdftex.def Info: Images/Gateway/gateway_7.png  used on input line 11.
(pdftex.def)             Requested size: 280.64352pt x 160.59715pt.
<Images/Gateway/proxy.png, id=716, 602.25pt x 131.49126pt>
File: Images/Gateway/proxy.png Graphic file (type png)
<use Images/Gateway/proxy.png>
Package pdftex.def Info: Images/Gateway/proxy.png  used on input line 19.
(pdftex.def)             Requested size: 252.94327pt x 55.22594pt.

Underfull \vbox (badness 6708) has occurred while \output is active []

 [23

 <./Images/Gateway/gateway_3.png> <./Images/Gateway/gateway_7.png>]
<Images/Gateway/proxy_cache_no.png, id=725, 617.30624pt x 462.72874pt>
File: Images/Gateway/proxy_cache_no.png Graphic file (type png)
<use Images/Gateway/proxy_cache_no.png>
Package pdftex.def Info: Images/Gateway/proxy_cache_no.png  used on input line 
30.
(pdftex.def)             Requested size: 234.57881pt x 175.83875pt.
<Images/Gateway/proxy_cache.png, id=726, 730.73pt x 384.43625pt>
File: Images/Gateway/proxy_cache.png Graphic file (type png)
<use Images/Gateway/proxy_cache.png>
Package pdftex.def Info: Images/Gateway/proxy_cache.png  used on input line 35.

(pdftex.def)             Requested size: 292.28682pt x 153.77177pt.
 [24 <./Images/Gateway/proxy.png> <./Images/Gateway/proxy_cache_no.png> <./Imag
es/Gateway/proxy_cache.png>]
<Images/Gateway/proxy_filter.png, id=737, 810.02625pt x 230.8625pt>
File: Images/Gateway/proxy_filter.png Graphic file (type png)
<use Images/Gateway/proxy_filter.png>
Package pdftex.def Info: Images/Gateway/proxy_filter.png  used on input line 50
.
(pdftex.def)             Requested size: 324.00475pt x 92.34335pt.
<Images/Gateway/proxy_waf.png, id=738, 964.60374pt x 521.95pt>
File: Images/Gateway/proxy_waf.png Graphic file (type png)
<use Images/Gateway/proxy_waf.png>
Package pdftex.def Info: Images/Gateway/proxy_waf.png  used on input line 59.
(pdftex.def)             Requested size: 385.83466pt x 208.77629pt.
<Images/Gateway/proxy_load.png, id=739, 741.77126pt x 413.545pt>
File: Images/Gateway/proxy_load.png Graphic file (type png)
<use Images/Gateway/proxy_load.png>
Package pdftex.def Info: Images/Gateway/proxy_load.png  used on input line 69.
(pdftex.def)             Requested size: 296.70325pt x 165.41505pt.


LaTeX Warning: `h' float specifier changed to `ht'.

[25 <./Images/Gateway/proxy_filter.png> <./Images/Gateway/proxy_waf.png>]

LaTeX Warning: Reference `' on page 26 undefined on input line 101.


Underfull \hbox (badness 10000) in paragraph at lines 101--103

 []

[26 <./Images/Gateway/proxy_load.png>]) (Chapters/Layer2.tex [27] [28

]
Chapter 6.
<Images/Layer2/layer2.png, id=768, 1060.96375pt x 459.7175pt>
File: Images/Layer2/layer2.png Graphic file (type png)
<use Images/Layer2/layer2.png>
Package pdftex.def Info: Images/Layer2/layer2.png  used on input line 7.
(pdftex.def)             Requested size: 424.37798pt x 183.88373pt.
[29 <./Images/Layer2/layer2.png>]
<Images/Layer2/ethernet.png, id=781, 941.5175pt x 357.335pt>
File: Images/Layer2/ethernet.png Graphic file (type png)
<use Images/Layer2/ethernet.png>
Package pdftex.def Info: Images/Layer2/ethernet.png  used on input line 22.
(pdftex.def)             Requested size: 282.45743pt x 107.20132pt.
<Images/Layer2/vampire_tap.png, id=782, 835.12pt x 513.92pt>
File: Images/Layer2/vampire_tap.png Graphic file (type png)
<use Images/Layer2/vampire_tap.png>
Package pdftex.def Info: Images/Layer2/vampire_tap.png  used on input line 27.
(pdftex.def)             Requested size: 250.53793pt x 154.17719pt.
<Images/Layer2/t_junction.png, id=783, 503.8825pt x 252.945pt>
File: Images/Layer2/t_junction.png Graphic file (type png)
<use Images/Layer2/t_junction.png>
Package pdftex.def Info: Images/Layer2/t_junction.png  used on input line 32.
(pdftex.def)             Requested size: 251.94063pt x 126.47218pt.
<Images/Layer2/collision.png, id=785, 692.5875pt x 578.16pt>
File: Images/Layer2/collision.png Graphic file (type png)
<use Images/Layer2/collision.png>
Package pdftex.def Info: Images/Layer2/collision.png  used on input line 38.
(pdftex.def)             Requested size: 242.40926pt x 202.35902pt.


LaTeX Warning: `h' float specifier changed to `ht'.

<Images/Layer2/pt.png, id=786, 975.645pt x 587.19376pt>
File: Images/Layer2/pt.png Graphic file (type png)
<use Images/Layer2/pt.png>
Package pdftex.def Info: Images/Layer2/pt.png  used on input line 47.
(pdftex.def)             Requested size: 292.69576pt x 176.15948pt.
[30 <./Images/Layer2/ethernet.png> <./Images/Layer2/vampire_tap.png> <./Images/
Layer2/t_junction.png>]
<Images/Layer2/collision_avoid.png, id=796, 1048.91875pt x 945.5325pt>
File: Images/Layer2/collision_avoid.png Graphic file (type png)
<use Images/Layer2/collision_avoid.png>
Package pdftex.def Info: Images/Layer2/collision_avoid.png  used on input line 
65.
(pdftex.def)             Requested size: 314.67805pt x 283.66194pt.
 [31 <./Images/Layer2/collision.png> <./Images/Layer2/pt.png>]
<Images/Layer2/layer2_message.png, id=810, 1026.83624pt x 243.91125pt>
File: Images/Layer2/layer2_message.png Graphic file (type png)
<use Images/Layer2/layer2_message.png>
Package pdftex.def Info: Images/Layer2/layer2_message.png  used on input line 7
2.
(pdftex.def)             Requested size: 308.05325pt x 73.17393pt.
<Images/Layer2/hub_vs_switch.png, id=811, 928.46875pt x 333.245pt>
File: Images/Layer2/hub_vs_switch.png Graphic file (type png)
<use Images/Layer2/hub_vs_switch.png>
Package pdftex.def Info: Images/Layer2/hub_vs_switch.png  used on input line 96
.
(pdftex.def)             Requested size: 278.54277pt x 99.97426pt.
 [32 <./Images/Layer2/collision_avoid.png> <./Images/Layer2/layer2_message.png>
]
<Images/Layer2/cable_vs_hub.png, id=820, 1014.79124pt x 584.1825pt>
File: Images/Layer2/cable_vs_hub.png Graphic file (type png)
<use Images/Layer2/cable_vs_hub.png>
Package pdftex.def Info: Images/Layer2/cable_vs_hub.png  used on input line 104
.
(pdftex.def)             Requested size: 304.43973pt x 175.25609pt.
<Images/Layer2/switch.png, id=821, 1033.8625pt x 369.38pt>
File: Images/Layer2/switch.png Graphic file (type png)
<use Images/Layer2/switch.png>
Package pdftex.def Info: Images/Layer2/switch.png  used on input line 117.
(pdftex.def)             Requested size: 516.93pt x 184.68954pt.

Overfull \hbox (33.23312pt too wide) in paragraph at lines 117--118
 [][] 
 []


Underfull \vbox (badness 10000) has occurred while \output is active []

 [33 <./Images/Layer2/hub_vs_switch.png> <./Images/Layer2/cable_vs_hub.png>]
<Images/Layer2/bandwidth_switch.png, id=832, 946.53625pt x 591.20876pt>
File: Images/Layer2/bandwidth_switch.png Graphic file (type png)
<use Images/Layer2/bandwidth_switch.png>
Package pdftex.def Info: Images/Layer2/bandwidth_switch.png  used on input line
 128.
(pdftex.def)             Requested size: 378.60779pt x 236.47931pt.
<Images/Layer2/vlan.png, id=833, 1020.81375pt x 504.88625pt>
File: Images/Layer2/vlan.png Graphic file (type png)
<use Images/Layer2/vlan.png>
Package pdftex.def Info: Images/Layer2/vlan.png  used on input line 138.
(pdftex.def)             Requested size: 408.31827pt x 201.95091pt.
 [34 <./Images/Layer2/switch.png> <./Images/Layer2/bandwidth_switch.png>]
<Images/Layer2/tunnel_l2.png, id=843, 1066.98625pt x 497.86pt>
File: Images/Layer2/tunnel_l2.png Graphic file (type png)
<use Images/Layer2/tunnel_l2.png>
Package pdftex.def Info: Images/Layer2/tunnel_l2.png  used on input line 144.
(pdftex.def)             Requested size: 373.45079pt x 174.2536pt.
<Images/Layer2/tunnel_l3.png, id=844, 1066.98625pt x 497.86pt>
File: Images/Layer2/tunnel_l3.png Graphic file (type png)
<use Images/Layer2/tunnel_l3.png>
Package pdftex.def Info: Images/Layer2/tunnel_l3.png  used on input line 145.
(pdftex.def)             Requested size: 373.45079pt x 174.2536pt.

Underfull \vbox (badness 3838) has occurred while \output is active []

 [35 <./Images/Layer2/vlan.png> <./Images/Layer2/tunnel_l2.png> <./Images/Layer
2/tunnel_l3.png>]
<Images/Layer2/ARP.png, id=855, 906.38625pt x 567.11874pt>
File: Images/Layer2/ARP.png Graphic file (type png)
<use Images/Layer2/ARP.png>
Package pdftex.def Info: Images/Layer2/ARP.png  used on input line 184.
(pdftex.def)             Requested size: 407.87004pt x 255.20107pt.
) (Chapters/Layer3.tex [36 <./Images/Layer2/ARP.png>]
Chapter 7.

LaTeX Warning: Citation `RFC791' on page 37 undefined on input line 3.

<Images/IP/net_structure.png, id=891, 859.21pt x 660.4675pt>
File: Images/IP/net_structure.png Graphic file (type png)
<use Images/IP/net_structure.png>
Package pdftex.def Info: Images/IP/net_structure.png  used on input line 15.
(pdftex.def)             Requested size: 343.67792pt x 264.18231pt.
<Images/IP/lan.png, id=892, 957.5775pt x 584.1825pt>
File: Images/IP/lan.png Graphic file (type png)
<use Images/IP/lan.png>
Package pdftex.def Info: Images/IP/lan.png  used on input line 20.
(pdftex.def)             Requested size: 383.02422pt x 233.66885pt.

LaTeX Warning: `h' float specifier changed to `ht'.


LaTeX Warning: `h' float specifier changed to `ht'.

[37

] [38 <./Images/IP/net_structure.png> <./Images/IP/lan.png>]
<Images/IP/classes_ip.png, id=911, 863.225pt x 353.32pt>
File: Images/IP/classes_ip.png Graphic file (type png)
<use Images/IP/classes_ip.png>
Package pdftex.def Info: Images/IP/classes_ip.png  used on input line 61.
(pdftex.def)             Requested size: 345.28389pt x 141.32549pt.
<Images/IP/netmask.png, id=912, 788.9475pt x 192.72pt>
File: Images/IP/netmask.png Graphic file (type png)
<use Images/IP/netmask.png>
Package pdftex.def Info: Images/IP/netmask.png  used on input line 66.
(pdftex.def)             Requested size: 394.47278pt x 96.35976pt.
<Images/IP/dei_ip.png, id=913, 604.2575pt x 578.16pt>
File: Images/IP/dei_ip.png Graphic file (type png)
<use Images/IP/dei_ip.png>
Package pdftex.def Info: Images/IP/dei_ip.png  used on input line 71.
(pdftex.def)             Requested size: 332.34265pt x 317.98898pt.
<Images/IP/point2point.png, id=914, 879.285pt x 270.00874pt>
File: Images/IP/point2point.png Graphic file (type png)
<use Images/IP/point2point.png>
Package pdftex.def Info: Images/IP/point2point.png  used on input line 76.
(pdftex.def)             Requested size: 351.70778pt x 108.00157pt.


LaTeX Warning: `h' float specifier changed to `ht'.


LaTeX Warning: `h' float specifier changed to `ht'.


LaTeX Warning: `h' float specifier changed to `ht'.

[39

 <./Images/IP/classes_ip.png>] [40 <./Images/IP/netmask.png> <./Images/IP/dei_i
p.png> <./Images/IP/point2point.png>]
<Images/IP/packets.png, id=935, 994.71625pt x 376.40625pt>
File: Images/IP/packets.png Graphic file (type png)
<use Images/IP/packets.png>
Package pdftex.def Info: Images/IP/packets.png  used on input line 87.
(pdftex.def)             Requested size: 497.3569pt x 188.20265pt.

Overfull \hbox (13.66003pt too wide) in paragraph at lines 87--88
 [][] 
 []

<Images/IP/fragmentation.png, id=936, 692.5875pt x 481.8pt>
File: Images/IP/fragmentation.png Graphic file (type png)
<use Images/IP/fragmentation.png>
Package pdftex.def Info: Images/IP/fragmentation.png  used on input line 92.
(pdftex.def)             Requested size: 277.03009pt x 192.71658pt.
<Images/IP/label_fragment.png, id=937, 939.51pt x 379.4175pt>
File: Images/IP/label_fragment.png Graphic file (type png)
<use Images/IP/label_fragment.png>
Package pdftex.def Info: Images/IP/label_fragment.png  used on input line 97.
(pdftex.def)             Requested size: 375.79733pt x 151.7643pt.

LaTeX Warning: `h' float specifier changed to `ht'.

<Images/IP/internet_header.png, id=938, 966.61125pt x 394.47375pt>
File: Images/IP/internet_header.png Graphic file (type png)
<use Images/IP/internet_header.png>
Package pdftex.def Info: Images/IP/internet_header.png  used on input line 104.

(pdftex.def)             Requested size: 289.98561pt x 118.34303pt.
[41

 <./Images/IP/packets.png> <./Images/IP/fragmentation.png>]
<Images/IP/service_type.png, id=950, 582.175pt x 116.435pt>
File: Images/IP/service_type.png Graphic file (type png)
<use Images/IP/service_type.png>
Package pdftex.def Info: Images/IP/service_type.png  used on input line 119.
(pdftex.def)             Requested size: 174.65384pt x 34.93076pt.


LaTeX Warning: `h' float specifier changed to `ht'.


Underfull \vbox (badness 10000) has occurred while \output is active []

 [42 <./Images/IP/label_fragment.png> <./Images/IP/internet_header.png> <./Imag
es/IP/service_type.png>]
<Images/IP/flags.png, id=961, 220.825pt x 116.435pt>
File: Images/IP/flags.png Graphic file (type png)
<use Images/IP/flags.png>
Package pdftex.def Info: Images/IP/flags.png  used on input line 171.
(pdftex.def)             Requested size: 66.248pt x 34.93076pt.
 [43 <./Images/IP/flags.png>]
Underfull \hbox (badness 10000) in paragraph at lines 202--206

 []

<Images/IP/checksum.png, id=970, 808.01875pt x 299.1175pt>
File: Images/IP/checksum.png Graphic file (type png)
<use Images/IP/checksum.png>
Package pdftex.def Info: Images/IP/checksum.png  used on input line 237.
(pdftex.def)             Requested size: 242.4075pt x 89.73593pt.

LaTeX Warning: Command \textasciitilde invalid in math mode on input line 240.

[44 <./Images/IP/checksum.png>]) (Chapters/HTTP.tex [45] [46

]
Chapter 8.
[47] [48] [49]
Underfull \hbox (badness 10000) in paragraph at lines 152--155

 []


LaTeX Warning: `h' float specifier changed to `ht'.


Underfull \hbox (badness 10000) in paragraph at lines 238--246

 []

[50]
Underfull \hbox (badness 10000) in paragraph at lines 251--253

 []


Underfull \hbox (badness 10000) in paragraph at lines 253--255

 []


Underfull \hbox (badness 10000) in paragraph at lines 255--257

 []


Underfull \hbox (badness 10000) in paragraph at lines 265--267

 []

[51]
Underfull \hbox (badness 10000) in paragraph at lines 278--280

 []

<Images/HTTP/time_locality.png, id=1048, 594.22pt x 376.40625pt>
File: Images/HTTP/time_locality.png Graphic file (type png)
<use Images/HTTP/time_locality.png>
Package pdftex.def Info: Images/HTTP/time_locality.png  used on input line 290.

(pdftex.def)             Requested size: 297.10927pt x 188.20265pt.

LaTeX Warning: Reference `caching' on page 52 undefined on input line 296.

<Images/HTTP/caching.png, id=1049, 487.8225pt x 355.3275pt>
File: Images/HTTP/caching.png Graphic file (type png)
<use Images/HTTP/caching.png>
Package pdftex.def Info: Images/HTTP/caching.png  used on input line 299.
(pdftex.def)             Requested size: 243.91064pt x 177.6633pt.
[52 <./Images/HTTP/time_locality.png>]
<Images/HTTP/expires_cache.png, id=1056, 486.81876pt x 814.04124pt>
File: Images/HTTP/expires_cache.png Graphic file (type png)
<use Images/HTTP/expires_cache.png>
Package pdftex.def Info: Images/HTTP/expires_cache.png  used on input line 318.

(pdftex.def)             Requested size: 243.40878pt x 407.01962pt.


LaTeX Warning: `h' float specifier changed to `ht'.

[53 <./Images/HTTP/caching.png>] [54 <./Images/HTTP/expires_cache.png>]
<Images/HTTP/last_cache.png, id=1072, 518.93875pt x 821.0675pt>
File: Images/HTTP/last_cache.png Graphic file (type png)
<use Images/HTTP/last_cache.png>
Package pdftex.def Info: Images/HTTP/last_cache.png  used on input line 332.
(pdftex.def)             Requested size: 259.46873pt x 410.53275pt.

[55

 <./Images/HTTP/last_cache.png>]
Underfull \hbox (badness 10000) in paragraph at lines 336--337

 []

<Images/HTTP/if_cache.png, id=1082, 553.06625pt x 1243.64626pt>
File: Images/HTTP/if_cache.png Graphic file (type png)
<use Images/HTTP/if_cache.png>
Package pdftex.def Info: Images/HTTP/if_cache.png  used on input line 347.
(pdftex.def)             Requested size: 276.53244pt x 621.82161pt.

LaTeX Warning: `h' float specifier changed to `ht'.

[56

] [57 <./Images/HTTP/if_cache.png>]
<Images/HTTP/auth.png, id=1097, 473.77pt x 322.20375pt>
File: Images/HTTP/auth.png Graphic file (type png)
<use Images/HTTP/auth.png>
Package pdftex.def Info: Images/HTTP/auth.png  used on input line 393.
(pdftex.def)             Requested size: 236.88441pt x 161.10147pt.
 [58

 <./Images/HTTP/auth.png>]

LaTeX Warning: Reference `base64_table' on page 59 undefined on input line 398.


<Images/HTTP/pad_base64.png, id=1113, 703.62875pt x 310.15875pt>
File: Images/HTTP/pad_base64.png Graphic file (type png)
<use Images/HTTP/pad_base64.png>
Package pdftex.def Info: Images/HTTP/pad_base64.png  used on input line 402.
(pdftex.def)             Requested size: 351.8135pt x 155.079pt.
<Images/HTTP/base64.png, id=1114, 701.62125pt x 135.50626pt>
File: Images/HTTP/base64.png Graphic file (type png)
<use Images/HTTP/base64.png>
Package pdftex.def Info: Images/HTTP/base64.png  used on input line 406.
(pdftex.def)             Requested size: 350.80975pt x 67.75294pt.
<Images/HTTP/basic.png, id=1115, 419.5675pt x 238.8925pt>
File: Images/HTTP/basic.png Graphic file (type png)
<use Images/HTTP/basic.png>
Package pdftex.def Info: Images/HTTP/basic.png  used on input line 441.
(pdftex.def)             Requested size: 209.78323pt x 119.44595pt.
[59

 <./Images/HTTP/pad_base64.png> <./Images/HTTP/base64.png>]
<Images/HTTP/challenge_sym.png, id=1125, 649.42625pt x 283.0575pt>
File: Images/HTTP/challenge_sym.png Graphic file (type png)
<use Images/HTTP/challenge_sym.png>
Package pdftex.def Info: Images/HTTP/challenge_sym.png  used on input line 447.

(pdftex.def)             Requested size: 324.71233pt x 141.5284pt.
<Images/HTTP/challenge_asym.png, id=1126, 649.42625pt x 283.0575pt>
File: Images/HTTP/challenge_asym.png Graphic file (type png)
<use Images/HTTP/challenge_asym.png>
Package pdftex.def Info: Images/HTTP/challenge_asym.png  used on input line 453
.
(pdftex.def)             Requested size: 324.71233pt x 141.5284pt.
 [60 <./Images/HTTP/basic.png> <./Images/HTTP/challenge_sym.png> <./Images/HTTP
/challenge_asym.png>]
<Images/HTTP/Chunked-Body.png, id=1140, 604.2575pt x 599.23875pt>
File: Images/HTTP/Chunked-Body.png Graphic file (type png)
<use Images/HTTP/Chunked-Body.png>
Package pdftex.def Info: Images/HTTP/Chunked-Body.png  used on input line 487.
(pdftex.def)             Requested size: 302.128pt x 299.61864pt.
 [61 <./Images/HTTP/Chunked-Body.png>]
Overfull \hbox (1.22444pt too wide) in paragraph at lines 509--511
[][][][][][][][][][][][][][][][][][][][][][][][][][][][] 
 []


LaTeX Warning: `h' float specifier changed to `ht'.

[62]
<Images/HTTP/cgi.png, id=1213, 827.09pt x 361.35pt>
File: Images/HTTP/cgi.png Graphic file (type png)
<use Images/HTTP/cgi.png>
Package pdftex.def Info: Images/HTTP/cgi.png  used on input line 612.
(pdftex.def)             Requested size: 330.83012pt x 144.53743pt.


LaTeX Warning: `h' float specifier changed to `ht'.


Underfull \vbox (badness 1902) has occurred while \output is active []

 [63]
<Images/HTTP/direct_access.png, id=1234, 396.48125pt x 90.3375pt>
File: Images/HTTP/direct_access.png Graphic file (type png)
<use Images/HTTP/direct_access.png>
Package pdftex.def Info: Images/HTTP/direct_access.png  used on input line 631.

(pdftex.def)             Requested size: 198.24013pt x 45.16862pt.
<Images/HTTP/proxy_access.png, id=1235, 829.0975pt x 132.495pt>
File: Images/HTTP/proxy_access.png Graphic file (type png)
<use Images/HTTP/proxy_access.png>
Package pdftex.def Info: Images/HTTP/proxy_access.png  used on input line 636.
(pdftex.def)             Requested size: 414.54774pt x 66.24733pt.
<Images/HTTP/split_HTTPS.png, id=1236, 829.0975pt x 298.11375pt>
File: Images/HTTP/split_HTTPS.png Graphic file (type png)
<use Images/HTTP/split_HTTPS.png>
Package pdftex.def Info: Images/HTTP/split_HTTPS.png  used on input line 647.
(pdftex.def)             Requested size: 331.63313pt x 119.24338pt.


LaTeX Warning: `h' float specifier changed to `ht'.


Underfull \hbox (badness 10000) in paragraph at lines 652--657

 []

[64 <./Images/HTTP/cgi.png> <./Images/HTTP/direct_access.png> <./Images/HTTP/pr
oxy_access.png>]
<Images/HTTP/proxy_4.png, id=1250, 931.48pt x 198.7425pt>
File: Images/HTTP/proxy_4.png Graphic file (type png)
<use Images/HTTP/proxy_4.png>
Package pdftex.def Info: Images/HTTP/proxy_4.png  used on input line 666.
(pdftex.def)             Requested size: 372.5854pt x 79.49557pt.
<Images/HTTP/connect_HTTPS.png, id=1251, 898.35625pt x 154.5775pt>
File: Images/HTTP/connect_HTTPS.png Graphic file (type png)
<use Images/HTTP/connect_HTTPS.png>
Package pdftex.def Info: Images/HTTP/connect_HTTPS.png  used on input line 671.

(pdftex.def)             Requested size: 449.17702pt x 77.28854pt.
<Images/HTTP/proxy_HTTPS.png, id=1252, 790.955pt x 597.23125pt>
File: Images/HTTP/proxy_HTTPS.png Graphic file (type png)
<use Images/HTTP/proxy_HTTPS.png>
Package pdftex.def Info: Images/HTTP/proxy_HTTPS.png  used on input line 676.
(pdftex.def)             Requested size: 435.0266pt x 328.4782pt.


LaTeX Warning: `h' float specifier changed to `ht'.

) (Chapters/Resolution.tex [65 <./Images/HTTP/split_HTTPS.png> <./Images/HTTP/p
roxy_4.png> <./Images/HTTP/connect_HTTPS.png>] [66 <./Images/HTTP/proxy_HTTPS.p
ng>]
Chapter 9.
<Images/Resolution/NIC.png, id=1272, 878.28125pt x 531.9875pt>
File: Images/Resolution/NIC.png Graphic file (type png)
<use Images/Resolution/NIC.png>
Package pdftex.def Info: Images/Resolution/NIC.png  used on input line 10.
(pdftex.def)             Requested size: 351.30627pt x 212.79123pt.
[67

 <./Images/Resolution/NIC.png>]

LaTeX Warning: Reference `extreme_recursive' on page 68 undefined on input line
 43.


LaTeX Warning: Reference `partial_recursion' on page 68 undefined on input line
 44.

<Images/Resolution/DNS_hierarchy.png, id=1285, 655.44875pt x 642.4pt>
File: Images/Resolution/DNS_hierarchy.png Graphic file (type png)
<use Images/Resolution/DNS_hierarchy.png>
Package pdftex.def Info: Images/Resolution/DNS_hierarchy.png  used on input lin
e 50.
(pdftex.def)             Requested size: 262.17485pt x 256.95544pt.
[68] [69 <./Images/Resolution/DNS_hierarchy.png>]
<Images/Resolution/default_DNS.png, id=1330, 889.3225pt x 627.34375pt>
File: Images/Resolution/default_DNS.png Graphic file (type png)
<use Images/Resolution/default_DNS.png>
Package pdftex.def Info: Images/Resolution/default_DNS.png  used on input line 
83.
(pdftex.def)             Requested size: 355.72269pt x 250.93304pt.
File: Images/Resolution/default_DNS.png Graphic file (type png)
<use Images/Resolution/default_DNS.png>
Package pdftex.def Info: Images/Resolution/default_DNS.png  used on input line 
88.
(pdftex.def)             Requested size: 355.72269pt x 250.93304pt.


LaTeX Warning: `h' float specifier changed to `ht'.

<Images/Resolution/hybrid_DNS.png, id=1331, 889.3225pt x 639.38875pt>
File: Images/Resolution/hybrid_DNS.png Graphic file (type png)
<use Images/Resolution/hybrid_DNS.png>
Package pdftex.def Info: Images/Resolution/hybrid_DNS.png  used on input line 9
3.
(pdftex.def)             Requested size: 355.72269pt x 255.75096pt.

LaTeX Warning: `h' float specifier changed to `ht'.

<Images/Resolution/DNS_zone.png, id=1332, 767.86874pt x 421.575pt>
File: Images/Resolution/DNS_zone.png Graphic file (type png)
<use Images/Resolution/DNS_zone.png>
Package pdftex.def Info: Images/Resolution/DNS_zone.png  used on input line 98.

(pdftex.def)             Requested size: 307.14206pt x 168.627pt.

LaTeX Warning: `h' float specifier changed to `ht'.

) (Chapters/Shell.tex [70 <./Images/Resolution/default_DNS.png>] [71 <./Images/
Resolution/hybrid_DNS.png>] [72 <./Images/Resolution/DNS_zone.png>]
Chapter 10.
) (Chapters/Vim.tex [73

] [74

]
Chapter 11.
(D:\Programs\Miktex\tex/latex/listings\lstlang1.sty
File: lstlang1.sty 2019/09/10 1.8c listings language file
)
(D:\Programs\Miktex\tex/latex/listings\lstmisc.sty
File: lstmisc.sty 2019/09/10 1.8c (Carsten Heinz)
) (Code/vimrc)

LaTeX Warning: `h' float specifier changed to `ht'.


LaTeX Warning: `h' float specifier changed to `ht'.


LaTeX Warning: `h' float specifier changed to `ht'.


LaTeX Warning: `h' float specifier changed to `ht'.


LaTeX Warning: `h' float specifier changed to `ht'.


LaTeX Warning: `h' float specifier changed to `ht'.


LaTeX Warning: `h' float specifier changed to `ht'.


LaTeX Warning: `h' float specifier changed to `ht'.


LaTeX Warning: `h' float specifier changed to `ht'.


LaTeX Warning: `h' float specifier changed to `ht'.


LaTeX Warning: `h' float specifier changed to `ht'.


LaTeX Warning: `h' float specifier changed to `ht'.


LaTeX Warning: `h' float specifier changed to `ht'.

[75] [76] [77]
Underfull \hbox (badness 10000) in paragraph at lines 315--316

 []


Underfull \hbox (badness 10000) in paragraph at lines 336--337

 []


Underfull \hbox (badness 10000) in paragraph at lines 375--377

 []


Underfull \hbox (badness 10000) in paragraph at lines 384--385

 []


Underfull \hbox (badness 10000) in paragraph at lines 392--393

 []


Underfull \hbox (badness 10000) in paragraph at lines 400--401

 []

[78

]) (Computer_networks.bbl [79] [80

]
LaTeX Font Info:    Trying to load font information for T1+cmtt on input line 4
.

(D:\Programs\Miktex\tex/latex/base\t1cmtt.fd
File: t1cmtt.fd 2014/09/29 v2.5h Standard LaTeX font definitions
))
Package atveryend Info: Empty hook `BeforeClearDocument' on input line 180.
 [81]
Package atveryend Info: Empty hook `AfterLastShipout' on input line 180.
 (Computer_networks.aux)
Package atveryend Info: Executing hook `AtVeryEndDocument' on input line 180.
Package atveryend Info: Executing hook `AtEndAfterFileList' on input line 180.
Package rerunfilecheck Info: File `Computer_networks.out' has not changed.
(rerunfilecheck)             Checksum: 12FC15032CA3C171395EEED8DC3F263F;4835.


LaTeX Warning: There were undefined references.

Package atveryend Info: Empty hook `AtVeryVeryEnd' on input line 180.
 ) 
Here is how much of TeX's memory you used:
 26980 strings out of 492452
 487139 string characters out of 3134016
 775951 words of memory out of 3000000
 30343 multiletter control sequences out of 15000+200000
 560142 words of font info for 80 fonts, out of 3000000 for 9000
 1141 hyphenation exceptions out of 8191
 50i,15n,67p,713b,2318s stack positions out of 5000i,500n,10000p,200000b,50000s
 <C:\Users\raffa\AppData\Local\MiKTeX\2.9\fonts/pk/ljfour/jknappen/ec/dpi600\
ectt0900.pk> <C:\Users\raffa\AppData\Local\MiKTeX\2.9\fonts/pk/ljfour/jknappen/
ec/dpi600\ecsx0800.pk> <C:\Users\raffa\AppData\Local\MiKTeX\2.9\fonts/pk/ljfour
/jknappen/ec/dpi600\ecti0800.pk> <C:\Users\raffa\AppData\Local\MiKTeX\2.9\fonts
/pk/ljfour/jknappen/ec/dpi600\ecbx0800.pk> <C:\Users\raffa\AppData\Local\MiKTeX
\2.9\fonts/pk/ljfour/jknappen/ec/dpi600\tcss0800.pk> <C:\Users\raffa\AppData\Lo
cal\MiKTeX\2.9\fonts/pk/ljfour/jknappen/ec/dpi600\ecss0800.pk> <C:\Users\raffa\
AppData\Local\MiKTeX\2.9\fonts/pk/ljfour/jknappen/ec/dpi600\ecbx1200.pk> <C:\Us
ers\raffa\AppData\Local\MiKTeX\2.9\fonts/pk/ljfour/jknappen/ec/dpi600\tcrm1000.
pk> <C:\Users\raffa\AppData\Local\MiKTeX\2.9\fonts/pk/ljfour/jknappen/ec/dpi600
\ecbx1440.pk> <C:\Users\raffa\AppData\Local\MiKTeX\2.9\fonts/pk/ljfour/jknappen
/ec/dpi600\ecrm0800.pk> <C:\Users\raffa\AppData\Local\MiKTeX\2.9\fonts/pk/ljfou
r/jknappen/ec/dpi600\ecti1000.pk> <C:\Users\raffa\AppData\Local\MiKTeX\2.9\font
s/pk/ljfour/jknappen/ec/dpi600\ecbx2074.pk> <C:\Users\raffa\AppData\Local\MiKTe
X\2.9\fonts/pk/ljfour/jknappen/ec/dpi600\ecsl1000.pk> <C:\Users\raffa\AppData\L
ocal\MiKTeX\2.9\fonts/pk/ljfour/jknappen/ec/dpi600\ecbx1000.pk> <C:\Users\raffa
\AppData\Local\MiKTeX\2.9\fonts/pk/ljfour/jknappen/ec/dpi600\ecbx2488.pk> <C:\U
sers\raffa\AppData\Local\MiKTeX\2.9\fonts/pk/ljfour/jknappen/ec/dpi600\eccc1000
.pk> <C:\Users\raffa\AppData\Local\MiKTeX\2.9\fonts/pk/ljfour/jknappen/ec/dpi60
0\ecrm1000.pk> <C:\Users\raffa\AppData\Local\MiKTeX\2.9\fonts/pk/ljfour/jknappe
n/ec/dpi600\ecti1440.pk> <C:\Users\raffa\AppData\Local\MiKTeX\2.9\fonts/pk/ljfo
ur/jknappen/ec/dpi600\eccc1440.pk> <C:\Users\raffa\AppData\Local\MiKTeX\2.9\fon
ts/pk/ljfour/jknappen/ec/dpi600\ecxc1440.pk><D:/Programs/Miktex/fonts/type1/pub
lic/amsfonts/cm/cmmi10.pfb><D:/Programs/Miktex/fonts/type1/public/amsfonts/cm/c
mmi6.pfb><D:/Programs/Miktex/fonts/type1/public/amsfonts/cm/cmmi7.pfb><D:/Progr
ams/Miktex/fonts/type1/public/amsfonts/cm/cmmi8.pfb><D:/Programs/Miktex/fonts/t
ype1/public/amsfonts/cm/cmr10.pfb><D:/Programs/Miktex/fonts/type1/public/amsfon
ts/cm/cmr7.pfb><D:/Programs/Miktex/fonts/type1/public/amsfonts/cm/cmr8.pfb><D:/
Programs/Miktex/fonts/type1/public/amsfonts/cm/cmsy10.pfb><D:/Programs/Miktex/f
onts/type1/public/amsfonts/cm/cmsy8.pfb>
Output written on Computer_networks.pdf (85 pages, 2635719 bytes).
PDF statistics:
 2447 PDF objects out of 2487 (max. 8388607)
 586 named destinations out of 1000 (max. 500000)
 1052 words of extra memory for PDF output out of 10000 (max. 10000000)

