\BOOKMARK [0][-]{chapter.1}{C programming}{}% 1
\BOOKMARK [1][-]{section.1.1}{Organization of data}{chapter.1}% 2
\BOOKMARK [1][-]{section.1.2}{Struct organization of memory}{chapter.1}% 3
\BOOKMARK [1][-]{section.1.3}{Structure of C program}{chapter.1}% 4
\BOOKMARK [0][-]{chapter.2}{Network services in C}{}% 5
\BOOKMARK [1][-]{section.2.1}{Application layer}{chapter.2}% 6
\BOOKMARK [1][-]{section.2.2}{socket\(\)}{chapter.2}% 7
\BOOKMARK [1][-]{section.2.3}{TCP connection}{chapter.2}% 8
\BOOKMARK [2][-]{subsection.2.3.1}{Client}{section.2.3}% 9
\BOOKMARK [3][-]{subsubsection.2.3.1.1}{connect\(\)}{subsection.2.3.1}% 10
\BOOKMARK [3][-]{subsubsection.2.3.1.2}{write\(\)}{subsection.2.3.1}% 11
\BOOKMARK [3][-]{subsubsection.2.3.1.3}{read\(\)}{subsection.2.3.1}% 12
\BOOKMARK [2][-]{subsection.2.3.2}{Server}{section.2.3}% 13
\BOOKMARK [3][-]{subsubsection.2.3.2.1}{bind\(\)}{subsection.2.3.2}% 14
\BOOKMARK [3][-]{subsubsection.2.3.2.2}{listen\(\)}{subsection.2.3.2}% 15
\BOOKMARK [3][-]{subsubsection.2.3.2.3}{accept\(\)}{subsection.2.3.2}% 16
\BOOKMARK [1][-]{section.2.4}{UDP connection}{chapter.2}% 17
\BOOKMARK [0][-]{chapter.3}{HTTP protocol}{}% 18
\BOOKMARK [1][-]{section.3.1}{Terminology}{chapter.3}% 19
\BOOKMARK [1][-]{section.3.2}{Basic rules}{chapter.3}% 20
\BOOKMARK [1][-]{section.3.3}{Messages}{chapter.3}% 21
\BOOKMARK [2][-]{subsection.3.3.1}{Different versions of HTTP protocol}{section.3.3}% 22
\BOOKMARK [2][-]{subsection.3.3.2}{Headers}{section.3.3}% 23
\BOOKMARK [2][-]{subsection.3.3.3}{Request-Line}{section.3.3}% 24
\BOOKMARK [2][-]{subsection.3.3.4}{Request-URI}{section.3.3}% 25
\BOOKMARK [2][-]{subsection.3.3.5}{Request Header}{section.3.3}% 26
\BOOKMARK [2][-]{subsection.3.3.6}{Status line}{section.3.3}% 27
\BOOKMARK [1][-]{section.3.4}{HTTP 1.0}{chapter.3}% 28
\BOOKMARK [2][-]{subsection.3.4.1}{Other headers of HTTP/1.0 and HTTP/1.1}{section.3.4}% 29
\BOOKMARK [2][-]{subsection.3.4.2}{Caching}{section.3.4}% 30
\BOOKMARK [2][-]{subsection.3.4.3}{Authorization}{section.3.4}% 31
\BOOKMARK [3][-]{subsubsection.3.4.3.1}{base64}{subsection.3.4.3}% 32
\BOOKMARK [3][-]{subsubsection.3.4.3.2}{Auth-schemes}{subsection.3.4.3}% 33
\BOOKMARK [1][-]{section.3.5}{HTTP 1.1}{chapter.3}% 34
\BOOKMARK [2][-]{subsection.3.5.1}{Caching based on HASH}{section.3.5}% 35
\BOOKMARK [1][-]{section.3.6}{URI}{chapter.3}% 36
\BOOKMARK [2][-]{subsection.3.6.1}{HTTP URL}{section.3.6}% 37
\BOOKMARK [1][-]{section.3.7}{HTML}{chapter.3}% 38
